<?xml version="1.0" encoding="UTF-8"?>
<!-- Generated by org.testng.reporters.JUnitReportReporter -->
<testsuite hostname="robin" failures="0" tests="1" name="testscript.TestSample" time="4.915" errors="0" timestamp="2025-02-20T08:51:49 IST" skipped="0">
  <testcase classname="testscript.TestSample" name="display" time="4.915"/>
</testsuite> <!-- testscript.TestSample -->
