<?xml version="1.0" encoding="UTF-8"?>
<!-- Generated by org.testng.reporters.JUnitReportReporter -->
<testsuite hostname="robin" failures="0" tests="1" name="testscript.JavascriptExecutor" time="7.631" errors="0" timestamp="2025-02-24T11:09:19 IST" skipped="0">
  <testcase classname="testscript.JavascriptExecutor" name="javaScriptExecutor" time="7.631"/>
</testsuite> <!-- testscript.JavascriptExecutor -->
