<?xml version="1.0" encoding="UTF-8"?>
<!-- Generated by org.testng.reporters.JUnitReportReporter -->
<testsuite hostname="robin" failures="0" tests="1" name="testscript.JavascriptExecutorTest" time="10.290" errors="0" timestamp="2025-02-26T10:34:04 IST" skipped="0">
  <testcase classname="testscript.JavascriptExecutorTest" name="testSample" time="10.290"/>
</testsuite> <!-- testscript.JavascriptExecutorTest -->
