<?xml version="1.0" encoding="UTF-8"?>
<!-- Generated by org.testng.reporters.JUnitReportReporter -->
<testsuite hostname="robin" failures="0" tests="1" name="testscript.Assertion" time="6.255" errors="0" timestamp="2025-02-25T11:36:37 IST" skipped="0">
  <testcase classname="testscript.Assertion" name="assertTrueTest" time="6.255"/>
</testsuite> <!-- testscript.Assertion -->
