<?xml version="1.0" encoding="UTF-8"?>
<!-- Generated by org.testng.reporters.JUnitReportReporter -->
<testsuite hostname="robin" failures="0" tests="3" name="testscript.TestSample" time="14.681" errors="0" timestamp="2025-02-20T10:40:36 IST" skipped="0">
  <testcase classname="testscript.TestSample" name="sample" time="4.828"/>
  <testcase classname="testscript.TestSample" name="show" time="5.323"/>
  <testcase classname="testscript.TestSample" name="display" time="4.530"/>
</testsuite> <!-- testscript.TestSample -->
